<?xml version="1.0" encoding="UTF-8"?>
<!-- Generated by org.testng.reporters.JUnitReportReporter -->
<testsuite hostname="DESKTOP-MTQFVB3" failures="0" tests="3" name="basicTestNG.AllAnnotationTest" time="0.055" errors="0" timestamp="2025-04-04T08:03:54 IST" skipped="0">
  <testcase classname="basicTestNG.AllAnnotationTest" name="testCase03" time="0.016"/>
  <testcase classname="basicTestNG.AllAnnotationTest" name="testCase02" time="0.026"/>
  <testcase classname="basicTestNG.AllAnnotationTest" name="testCase01" time="0.013"/>
</testsuite> <!-- basicTestNG.AllAnnotationTest -->
