<?xml version="1.0" encoding="UTF-8"?>
<!-- Generated by org.testng.reporters.JUnitReportReporter -->
<testsuite hostname="DESKTOP-MTQFVB3" failures="0" tests="2" name="basicTestNG.GroupTest" time="0.038" errors="0" timestamp="2025-04-06T20:59:32 IST" skipped="0">
  <testcase classname="basicTestNG.GroupTest" name="testCase22" time="0.033"/>
  <testcase classname="basicTestNG.GroupTest" name="testCase21" time="0.005"/>
</testsuite> <!-- basicTestNG.GroupTest -->
