<?xml version="1.0" encoding="UTF-8"?>
<!-- Generated by org.testng.reporters.JUnitReportReporter -->
<testsuite hostname="DESKTOP-MTQFVB3" failures="0" tests="5" name="basicTestNG.BasicAnnotation" time="0.349" errors="0" timestamp="2025-04-05T10:29:47 IST" skipped="1">
  <testcase classname="basicTestNG.BasicAnnotation" name="testCase04" time="0.158"/>
  <testcase classname="basicTestNG.BasicAnnotation" name="testCase01" time="0.126"/>
  <testcase classname="basicTestNG.BasicAnnotation" name="testCase05" time="0.023"/>
  <testcase classname="basicTestNG.BasicAnnotation" name="testCase02" time="0.042"/>
  <testcase classname="basicTestNG.BasicAnnotation" name="testCase03">
    <skipped/>
  </testcase> <!-- testCase03 -->
</testsuite> <!-- basicTestNG.BasicAnnotation -->
