<?xml version="1.0" encoding="UTF-8"?>
<!-- Generated by org.testng.reporters.JUnitReportReporter -->
<testsuite hostname="DESKTOP-MTQFVB3" failures="0" tests="2" name="basicTestNG.ParameterTest" time="0.052" errors="0" timestamp="2025-04-05T10:24:31 IST" skipped="0">
  <testcase classname="basicTestNG.ParameterTest" name="testcase01" time="0.039"/>
  <testcase classname="basicTestNG.ParameterTest" name="testcase02" time="0.013"/>
</testsuite> <!-- basicTestNG.ParameterTest -->
